C51 COMPILER V9.60.7.0   DHT11                                                             09/02/2025 10:51:51 PAGE 1   


C51 COMPILER V9.60.7.0, COMPILATION OF MODULE DHT11
OBJECT MODULE PLACED IN .\Objects\DHT11.obj
COMPILER INVOKED BY: C:\Users\Mr.chen\AppData\Local\Keil_v51\C51\BIN\C51.EXE DHT11.c OPTIMIZE(8,SPEED) BROWSE DEBUG OBJE
                    -CTEXTEND PRINT(.\Listings\DHT11.lst) TABS(2) OBJECT(.\Objects\DHT11.obj)

line level    source

   1          #include <REGX52.H>
   2          #include "DHT11.h"
   3          
   4          sbit Temp_data=P1^7;
   5          
   6          unsigned int rec_dat[9];
   7          unsigned int R_H,R_L,T_H,T_L;
   8          unsigned char RH,RL,TH,TL,revise;
   9          
  10          void DHT11_delay_us(unsigned char n)
  11          {
  12   1          while(--n);
  13   1      }
  14           
  15          //延时ms
  16          void DHT11_delay_ms(unsigned int z)
  17          {
  18   1         unsigned int i,j;
  19   1         for(i=z;i>0;i--)
  20   1            for(j=114;j>0;j--);
  21   1      }
  22          //DHT11起始信号
  23          void DHT11_start()  
  24          {
  25   1        Temp_data=1;
  26   1        
  27   1        DHT11_delay_us(2);
  28   1        
  29   1        Temp_data=0;
  30   1        
  31   1        DHT11_delay_ms(20);
  32   1        
  33   1        Temp_data=1;
  34   1        
  35   1        DHT11_delay_us(13);
  36   1      }
  37          //接收一个字节
  38          unsigned char DHT11_rec_byte()
  39          {
  40   1        unsigned char i,dat;
  41   1        for(i=0;i<8;i++)
  42   1        {
  43   2            while(!Temp_data);
  44   2            DHT11_delay_us(9);  //延迟23us
  45   2            dat<<=1;      //数据移位，为新一位数据赋值做准备
  46   2            if(Temp_data==1)  //如果为高电平，dat为1
  47   2            {
  48   3              dat+=1;
  49   3            }
  50   2            while(Temp_data); //为低电平退出循环，接收下一位数据
  51   2        }
  52   1        return dat;
  53   1      }
  54          //接收温湿度数据
C51 COMPILER V9.60.7.0   DHT11                                                             09/02/2025 10:51:51 PAGE 2   

  55          void DHT11_receive()
  56          {
  57   1        EA = 0;
  58   1        DHT11_start();
  59   1        Temp_data=1;
  60   1        if(Temp_data==0)
  61   1        {
  62   2          while(Temp_data==0);   //等待拉高     
  63   2              DHT11_delay_us(40);  //拉高后延时85us
  64   2          
  65   2              R_H=DHT11_rec_byte();    //接收湿度高八位  
  66   2              R_L=DHT11_rec_byte();    //接收湿度低八位  
  67   2              T_H=DHT11_rec_byte();    //接收温度高八位  
  68   2              T_L=DHT11_rec_byte();    //接收温度低八位
  69   2              revise=DHT11_rec_byte(); //接收校正位
  70   2       
  71   2              DHT11_delay_us(25);    //结束
  72   2              if((R_H+R_L+T_H+T_L)==revise)      //校正
  73   2              {
  74   3                  RH=R_H;
  75   3                  RL=R_L;
  76   3                  TH=T_H;
  77   3                  TL=T_L;   
  78   3              } 
  79   2              /*数据处理，方便显示*/
  80   2              rec_dat[0]=RH;
  81   2              rec_dat[1]=RL;
  82   2              rec_dat[2]=TH;
  83   2              rec_dat[3]=TL;
  84   2        } 
  85   1        EA = 1;
  86   1      }
  87          
  88          


MODULE INFORMATION:   STATIC OVERLAYABLE
   CODE SIZE        =    219    ----
   CONSTANT SIZE    =   ----    ----
   XDATA SIZE       =   ----    ----
   PDATA SIZE       =   ----    ----
   DATA SIZE        =     31    ----
   IDATA SIZE       =   ----    ----
   BIT SIZE         =   ----    ----
END OF MODULE INFORMATION.


C51 COMPILATION COMPLETE.  0 WARNING(S),  0 ERROR(S)
