C51 COMPILER V9.60.7.0   DS18B20                                                           09/01/2025 18:06:32 PAGE 1   


C51 COMPILER V9.60.7.0, COMPILATION OF MODULE DS18B20
OBJECT MODULE PLACED IN .\Objects\DS18B20.obj
COMPILER INVOKED BY: C:\Users\Mr.chen\AppData\Local\Keil_v51\C51\BIN\C51.EXE DS18B20.c OPTIMIZE(8,SPEED) BROWSE DEBUG OB
                    -JECTEXTEND PRINT(.\Listings\DS18B20.lst) TABS(2) OBJECT(.\Objects\DS18B20.obj)

line level    source

   1          #include <REGX52.H>
   2          #include "OneWire.h"
   3          
   4          //引脚定义
   5          sbit DS1302_SCLK=P3^6;
   6          sbit DS1302_IO=P3^4;
   7          sbit DS1302_CE=P3^5;
   8          
   9          //DS18B20指令
  10          #define DS18B20_SKIP_ROM      0xCC
  11          #define DS18B20_CONVERT_T     0x44
  12          #define DS18B20_READ_SCRATCHPAD   0xBE
  13          
  14          /**
  15            * @brief  DS18B20开始温度变换
  16            * @param  无
  17            * @retval 无
  18            */
  19          void DS18B20_ConvertT(void)
  20          {
  21   1        OneWire_Init();
  22   1        OneWire_SendByte(DS18B20_SKIP_ROM);
  23   1        OneWire_SendByte(DS18B20_CONVERT_T);
  24   1      }
  25          
  26          /**
  27            * @brief  DS18B20读取温度
  28            * @param  无
  29            * @retval 温度数值
  30            */
  31          float DS18B20_ReadT(void)
  32          {
  33   1        unsigned char TLSB,TMSB;
  34   1        int Temp;
  35   1        float T;
  36   1        
  37   1        EA = 0; // 关中断
  38   1      
  39   1        
  40   1        OneWire_Init();
  41   1        OneWire_SendByte(DS18B20_SKIP_ROM);
  42   1        OneWire_SendByte(DS18B20_READ_SCRATCHPAD);
  43   1        TLSB=OneWire_ReceiveByte();
  44   1        TMSB=OneWire_ReceiveByte();
  45   1        
  46   1        EA = 1; // 开中断
  47   1      
  48   1        
  49   1        Temp=(TMSB<<8)|TLSB;
  50   1        T=Temp/16.0;
  51   1        return T;
  52   1      }


C51 COMPILER V9.60.7.0   DS18B20                                                           09/01/2025 18:06:32 PAGE 2   

MODULE INFORMATION:   STATIC OVERLAYABLE
   CODE SIZE        =     60    ----
   CONSTANT SIZE    =   ----    ----
   XDATA SIZE       =   ----    ----
   PDATA SIZE       =   ----    ----
   DATA SIZE        =   ----       1
   IDATA SIZE       =   ----    ----
   BIT SIZE         =   ----    ----
END OF MODULE INFORMATION.


C51 COMPILATION COMPLETE.  0 WARNING(S),  0 ERROR(S)
