C51 COMPILER V9.60.7.0   DELAY                                                             08/29/2025 10:06:05 PAGE 1   


C51 COMPILER V9.60.7.0, COMPILATION OF MODULE DELAY
OBJECT MODULE PLACED IN .\Output\delay.obj
COMPILER INVOKED BY: C:\Users\Mr.chen\AppData\Local\Keil_v51\C51\BIN\C51.EXE ..\Source\delay.c LARGE OPTIMIZE(8,SPEED) B
                    -ROWSE INCDIR(..\Source;..\User) DEBUG OBJECTEXTEND PRINT(.\List\delay.lst) TABS(2) OBJECT(.\Output\delay.obj)

line level    source

   1          
   2          #include "delay.h"  
   3          
   4          
   5          /*****************************************************************
   6          功能描述：延时函数
   7          入口参数：uint16 x ，该值为1时，延时1ms
   8          返回值：无
   9          *****************************************************************/
  10          void delay_ms(uint16 x) 
  11          {  
  12   1        uint16 j,i;   
  13   1        for(j=0;j<x;j++)   
  14   1        {    
  15   2          for(i=0;i<1100;i++);   
  16   2        }  
  17   1      }
  18          
  19          /*******************************************************************
  20          功能描述：延时函数，延时1us
  21          入口参数：无
  22          返回值：无
  23          ********************************************************************/
  24          void Delay1us()   
  25          {
  26   1        uint8 i;
  27   1      
  28   1        i = 3;
  29   1        while (--i);
  30   1      
  31   1      }
  32          
  33          /*******************************************************************
  34          功能描述：延时函数
  35          入口参数：uint16 x ，该值为1时，延时1us
  36          返回值：无
  37          ********************************************************************/
  38          void delay_us(uint16 t)
  39          {
  40   1        while(t--)
  41   1        {
  42   2          Delay1us();
  43   2        }
  44   1      }
  45          
  46          /*********************************END FILE********************************************/ 
  47          


MODULE INFORMATION:   STATIC OVERLAYABLE
   CODE SIZE        =     57    ----
   CONSTANT SIZE    =   ----    ----
   XDATA SIZE       =   ----    ----
   PDATA SIZE       =   ----    ----
C51 COMPILER V9.60.7.0   DELAY                                                             08/29/2025 10:06:05 PAGE 2   

   DATA SIZE        =   ----    ----
   IDATA SIZE       =   ----    ----
   BIT SIZE         =   ----    ----
END OF MODULE INFORMATION.


C51 COMPILATION COMPLETE.  0 WARNING(S),  0 ERROR(S)
